2023-06-30 09:41:28 -Starting ImApplication on MS-HVEBXLJMLVOA with PID 5520 (F:\IDEA-PROJECT\im-system\im-service\target\classes started by Administrator in F:\IDEA-PROJECT\im-system)
2023-06-30 09:41:28 -The following profiles are active: dev
2023-06-30 09:41:28 -Multiple Spring Data modules found, entering strict repository configuration mode!
2023-06-30 09:41:28 -Bootstrapping Spring Data Redis repositories in DEFAULT mode.
2023-06-30 09:41:28 -Finished Spring Data repository scanning in 4ms. Found 0 Redis repository interfaces.
2023-06-30 09:41:28 -No MyBatis mapper was found in '[com.hy.im.service]' package. Please check your configuration.
2023-06-30 09:41:29 -Tomcat initialized with port(s): 8000 (http)
2023-06-30 09:41:29 -Initializing ProtocolHandler ["http-nio-8000"]
2023-06-30 09:41:29 -Starting service [Tomcat]
2023-06-30 09:41:29 -Starting Servlet engine: [Apache Tomcat/9.0.37]
2023-06-30 09:41:29 -Initializing Spring embedded WebApplicationContext
2023-06-30 09:41:29 -Root WebApplicationContext: initialization completed in 861 ms
2023-06-30 09:41:29 -Initializing ExecutorService 'applicationTaskExecutor'
2023-06-30 09:41:30 -Starting ProtocolHandler ["http-nio-8000"]
2023-06-30 09:41:30 -Tomcat started on port(s): 8000 (http) with context path ''
2023-06-30 09:41:30 -Started ImApplication in 2.454 seconds (JVM running for 3.299)
2023-06-30 09:45:24 -Initializing Spring DispatcherServlet 'dispatcherServlet'
2023-06-30 09:45:24 -Initializing Servlet 'dispatcherServlet'
2023-06-30 09:45:24 -Completed initialization in 3 ms
2023-06-30 09:45:24 -Servlet.service() for servlet [dispatcherServlet] in context with path [] threw exception [Request processing failed; nested exception is com.hy.im.common.exception.ApplicationException: 参数校验错误] with root cause
com.hy.im.common.exception.ApplicationException: 参数校验错误
2023-06-30 09:47:24 -Servlet.service() for servlet [dispatcherServlet] in context with path [] threw exception [Request processing failed; nested exception is com.hy.im.common.exception.ApplicationException: 参数校验错误] with root cause
com.hy.im.common.exception.ApplicationException: 参数校验错误
2023-06-30 09:47:44 -Shutting down ExecutorService 'applicationTaskExecutor'
2023-06-30 09:47:50 -Starting ImApplication on MS-HVEBXLJMLVOA with PID 5508 (F:\IDEA-PROJECT\im-system\im-service\target\classes started by Administrator in F:\IDEA-PROJECT\im-system)
2023-06-30 09:47:50 -The following profiles are active: dev
2023-06-30 09:47:50 -Multiple Spring Data modules found, entering strict repository configuration mode!
2023-06-30 09:47:50 -Bootstrapping Spring Data Redis repositories in DEFAULT mode.
2023-06-30 09:47:50 -Finished Spring Data repository scanning in 3ms. Found 0 Redis repository interfaces.
2023-06-30 09:47:50 -No MyBatis mapper was found in '[com.hy.im.service]' package. Please check your configuration.
2023-06-30 09:47:50 -Tomcat initialized with port(s): 8000 (http)
2023-06-30 09:47:50 -Initializing ProtocolHandler ["http-nio-8000"]
2023-06-30 09:47:50 -Starting service [Tomcat]
2023-06-30 09:47:50 -Starting Servlet engine: [Apache Tomcat/9.0.37]
2023-06-30 09:47:50 -Initializing Spring embedded WebApplicationContext
2023-06-30 09:47:50 -Root WebApplicationContext: initialization completed in 784 ms
2023-06-30 09:47:51 -Initializing ExecutorService 'applicationTaskExecutor'
2023-06-30 09:47:51 -Starting ProtocolHandler ["http-nio-8000"]
2023-06-30 09:47:51 -Tomcat started on port(s): 8000 (http) with context path ''
2023-06-30 09:47:51 -Started ImApplication in 2.074 seconds (JVM running for 2.563)
2023-06-30 09:48:06 -Initializing Spring DispatcherServlet 'dispatcherServlet'
2023-06-30 09:48:06 -Initializing Servlet 'dispatcherServlet'
2023-06-30 09:48:06 -Completed initialization in 7 ms
2023-06-30 09:48:07 -Servlet.service() for servlet [dispatcherServlet] in context with path [] threw exception [Request processing failed; nested exception is com.hy.im.common.exception.ApplicationException: 参数校验错误] with root cause
com.hy.im.common.exception.ApplicationException: 参数校验错误
2023-06-30 09:51:31 -Shutting down ExecutorService 'applicationTaskExecutor'
2023-06-30 09:52:07 -Starting ImApplication on MS-HVEBXLJMLVOA with PID 13820 (F:\IDEA-PROJECT\im-system\im-service\target\classes started by Administrator in F:\IDEA-PROJECT\im-system)
2023-06-30 09:52:07 -The following profiles are active: dev
2023-06-30 09:52:08 -Multiple Spring Data modules found, entering strict repository configuration mode!
2023-06-30 09:52:08 -Bootstrapping Spring Data Redis repositories in DEFAULT mode.
2023-06-30 09:52:08 -Finished Spring Data repository scanning in 4ms. Found 0 Redis repository interfaces.
2023-06-30 09:52:08 -No MyBatis mapper was found in '[com.hy.im.service]' package. Please check your configuration.
2023-06-30 09:52:08 -Tomcat initialized with port(s): 8000 (http)
2023-06-30 09:52:08 -Initializing ProtocolHandler ["http-nio-8000"]
2023-06-30 09:52:08 -Starting service [Tomcat]
2023-06-30 09:52:08 -Starting Servlet engine: [Apache Tomcat/9.0.37]
2023-06-30 09:52:08 -Initializing Spring embedded WebApplicationContext
2023-06-30 09:52:08 -Root WebApplicationContext: initialization completed in 760 ms
2023-06-30 09:52:08 -Initializing ExecutorService 'applicationTaskExecutor'
2023-06-30 09:52:09 -Starting ProtocolHandler ["http-nio-8000"]
2023-06-30 09:52:09 -Tomcat started on port(s): 8000 (http) with context path ''
2023-06-30 09:52:09 -Started ImApplication in 2.064 seconds (JVM running for 2.548)
2023-06-30 09:52:14 -Initializing Spring DispatcherServlet 'dispatcherServlet'
2023-06-30 09:52:14 -Initializing Servlet 'dispatcherServlet'
2023-06-30 09:52:14 -Completed initialization in 4 ms
2023-06-30 09:52:14 -Servlet.service() for servlet [dispatcherServlet] in context with path [] threw exception [Request processing failed; nested exception is com.hy.im.common.exception.ApplicationException: 参数校验错误] with root cause
com.hy.im.common.exception.ApplicationException: 参数校验错误
2023-06-30 09:55:23 -Shutting down ExecutorService 'applicationTaskExecutor'
2023-06-30 09:55:41 -Starting ImApplication on MS-HVEBXLJMLVOA with PID 13592 (F:\IDEA-PROJECT\im-system\im-service\target\classes started by Administrator in F:\IDEA-PROJECT\im-system)
2023-06-30 09:55:41 -The following profiles are active: dev
2023-06-30 09:55:41 -Multiple Spring Data modules found, entering strict repository configuration mode!
2023-06-30 09:55:41 -Bootstrapping Spring Data Redis repositories in DEFAULT mode.
2023-06-30 09:55:41 -Finished Spring Data repository scanning in 4ms. Found 0 Redis repository interfaces.
2023-06-30 09:55:41 -No MyBatis mapper was found in '[com.hy.im.service]' package. Please check your configuration.
2023-06-30 09:55:42 -Tomcat initialized with port(s): 8000 (http)
2023-06-30 09:55:42 -Initializing ProtocolHandler ["http-nio-8000"]
2023-06-30 09:55:42 -Starting service [Tomcat]
2023-06-30 09:55:42 -Starting Servlet engine: [Apache Tomcat/9.0.37]
2023-06-30 09:55:42 -Initializing Spring embedded WebApplicationContext
2023-06-30 09:55:42 -Root WebApplicationContext: initialization completed in 873 ms
2023-06-30 09:55:42 -Initializing ExecutorService 'applicationTaskExecutor'
2023-06-30 09:55:43 -Starting ProtocolHandler ["http-nio-8000"]
2023-06-30 09:55:43 -Tomcat started on port(s): 8000 (http) with context path ''
2023-06-30 09:55:43 -Started ImApplication in 2.403 seconds (JVM running for 3.44)
2023-06-30 09:55:47 -Initializing Spring DispatcherServlet 'dispatcherServlet'
2023-06-30 09:55:47 -Initializing Servlet 'dispatcherServlet'
2023-06-30 09:55:47 -Completed initialization in 4 ms
2023-06-30 09:57:25 -Servlet.service() for servlet [dispatcherServlet] in context with path [] threw exception [Request processing failed; nested exception is com.hy.im.common.exception.ApplicationException: 参数校验错误] with root cause
com.hy.im.common.exception.ApplicationException: 参数校验错误
2023-06-30 09:58:59 -Shutting down ExecutorService 'applicationTaskExecutor'
2023-06-30 10:02:11 -Starting ImApplication on MS-HVEBXLJMLVOA with PID 11196 (F:\IDEA-PROJECT\im-system\im-service\target\classes started by Administrator in F:\IDEA-PROJECT\im-system)
2023-06-30 10:02:11 -The following profiles are active: dev
2023-06-30 10:02:11 -Multiple Spring Data modules found, entering strict repository configuration mode!
2023-06-30 10:02:11 -Bootstrapping Spring Data Redis repositories in DEFAULT mode.
2023-06-30 10:02:11 -Finished Spring Data repository scanning in 4ms. Found 0 Redis repository interfaces.
2023-06-30 10:02:11 -No MyBatis mapper was found in '[com.hy.im.service]' package. Please check your configuration.
2023-06-30 10:02:11 -Tomcat initialized with port(s): 8000 (http)
2023-06-30 10:02:11 -Initializing ProtocolHandler ["http-nio-8000"]
2023-06-30 10:02:11 -Starting service [Tomcat]
2023-06-30 10:02:11 -Starting Servlet engine: [Apache Tomcat/9.0.37]
2023-06-30 10:02:11 -Initializing Spring embedded WebApplicationContext
2023-06-30 10:02:11 -Root WebApplicationContext: initialization completed in 762 ms
2023-06-30 10:02:12 -Initializing ExecutorService 'applicationTaskExecutor'
2023-06-30 10:02:12 -Starting ProtocolHandler ["http-nio-8000"]
2023-06-30 10:02:12 -Tomcat started on port(s): 8000 (http) with context path ''
2023-06-30 10:02:12 -Started ImApplication in 2.051 seconds (JVM running for 2.653)
2023-06-30 10:02:26 -Initializing Spring DispatcherServlet 'dispatcherServlet'
2023-06-30 10:02:26 -Initializing Servlet 'dispatcherServlet'
2023-06-30 10:02:26 -Completed initialization in 4 ms
2023-06-30 10:03:02 -Shutting down ExecutorService 'applicationTaskExecutor'
2023-06-30 10:03:04 -Starting ImApplication on MS-HVEBXLJMLVOA with PID 13648 (F:\IDEA-PROJECT\im-system\im-service\target\classes started by Administrator in F:\IDEA-PROJECT\im-system)
2023-06-30 10:03:04 -The following profiles are active: dev
2023-06-30 10:03:05 -Multiple Spring Data modules found, entering strict repository configuration mode!
2023-06-30 10:03:05 -Bootstrapping Spring Data Redis repositories in DEFAULT mode.
2023-06-30 10:03:05 -Finished Spring Data repository scanning in 3ms. Found 0 Redis repository interfaces.
2023-06-30 10:03:05 -No MyBatis mapper was found in '[com.hy.im.service]' package. Please check your configuration.
2023-06-30 10:03:05 -Tomcat initialized with port(s): 8000 (http)
2023-06-30 10:03:05 -Initializing ProtocolHandler ["http-nio-8000"]
2023-06-30 10:03:05 -Starting service [Tomcat]
2023-06-30 10:03:05 -Starting Servlet engine: [Apache Tomcat/9.0.37]
2023-06-30 10:03:05 -Initializing Spring embedded WebApplicationContext
2023-06-30 10:03:05 -Root WebApplicationContext: initialization completed in 758 ms
2023-06-30 10:03:05 -Initializing ExecutorService 'applicationTaskExecutor'
2023-06-30 10:03:06 -Starting ProtocolHandler ["http-nio-8000"]
2023-06-30 10:03:06 -Tomcat started on port(s): 8000 (http) with context path ''
2023-06-30 10:03:06 -Started ImApplication in 2.133 seconds (JVM running for 2.607)
2023-06-30 10:03:11 -Initializing Spring DispatcherServlet 'dispatcherServlet'
2023-06-30 10:03:11 -Initializing Servlet 'dispatcherServlet'
2023-06-30 10:03:11 -Completed initialization in 4 ms
2023-06-30 10:21:16 -Shutting down ExecutorService 'applicationTaskExecutor'
2023-06-30 10:21:19 -Starting ImApplication on MS-HVEBXLJMLVOA with PID 3496 (F:\IDEA-PROJECT\im-system\im-service\target\classes started by Administrator in F:\IDEA-PROJECT\im-system)
2023-06-30 10:21:19 -The following profiles are active: dev
2023-06-30 10:21:19 -Multiple Spring Data modules found, entering strict repository configuration mode!
2023-06-30 10:21:19 -Bootstrapping Spring Data Redis repositories in DEFAULT mode.
2023-06-30 10:21:19 -Finished Spring Data repository scanning in 4ms. Found 0 Redis repository interfaces.
2023-06-30 10:21:19 -No MyBatis mapper was found in '[com.hy.im.service]' package. Please check your configuration.
2023-06-30 10:21:20 -Tomcat initialized with port(s): 8000 (http)
2023-06-30 10:21:20 -Initializing ProtocolHandler ["http-nio-8000"]
2023-06-30 10:21:20 -Starting service [Tomcat]
2023-06-30 10:21:20 -Starting Servlet engine: [Apache Tomcat/9.0.37]
2023-06-30 10:21:20 -Initializing Spring embedded WebApplicationContext
2023-06-30 10:21:20 -Root WebApplicationContext: initialization completed in 761 ms
2023-06-30 10:21:20 -Initializing ExecutorService 'applicationTaskExecutor'
2023-06-30 10:21:21 -Starting ProtocolHandler ["http-nio-8000"]
2023-06-30 10:21:21 -Tomcat started on port(s): 8000 (http) with context path ''
2023-06-30 10:21:21 -Started ImApplication in 2.048 seconds (JVM running for 2.537)
2023-06-30 10:21:27 -Shutting down ExecutorService 'applicationTaskExecutor'
2023-06-30 10:21:29 -Starting ImApplication on MS-HVEBXLJMLVOA with PID 13748 (F:\IDEA-PROJECT\im-system\im-service\target\classes started by Administrator in F:\IDEA-PROJECT\im-system)
2023-06-30 10:21:29 -The following profiles are active: dev
2023-06-30 10:21:30 -Multiple Spring Data modules found, entering strict repository configuration mode!
2023-06-30 10:21:30 -Bootstrapping Spring Data Redis repositories in DEFAULT mode.
2023-06-30 10:21:30 -Finished Spring Data repository scanning in 4ms. Found 0 Redis repository interfaces.
2023-06-30 10:21:30 -No MyBatis mapper was found in '[com.hy.im.service]' package. Please check your configuration.
2023-06-30 10:21:30 -Tomcat initialized with port(s): 8000 (http)
2023-06-30 10:21:30 -Initializing ProtocolHandler ["http-nio-8000"]
2023-06-30 10:21:30 -Starting service [Tomcat]
2023-06-30 10:21:30 -Starting Servlet engine: [Apache Tomcat/9.0.37]
2023-06-30 10:21:30 -Initializing Spring embedded WebApplicationContext
2023-06-30 10:21:30 -Root WebApplicationContext: initialization completed in 748 ms
2023-06-30 10:21:30 -Initializing ExecutorService 'applicationTaskExecutor'
2023-06-30 10:21:31 -Starting ProtocolHandler ["http-nio-8000"]
2023-06-30 10:21:31 -Tomcat started on port(s): 8000 (http) with context path ''
2023-06-30 10:21:31 -Started ImApplication in 2.014 seconds (JVM running for 2.517)
2023-06-30 10:21:39 -Initializing Spring DispatcherServlet 'dispatcherServlet'
2023-06-30 10:21:39 -Initializing Servlet 'dispatcherServlet'
2023-06-30 10:21:39 -Completed initialization in 4 ms
2023-06-30 10:23:05 -Shutting down ExecutorService 'applicationTaskExecutor'
2023-06-30 10:23:18 -Starting ImApplication on MS-HVEBXLJMLVOA with PID 14144 (F:\IDEA-PROJECT\im-system\im-service\target\classes started by Administrator in F:\IDEA-PROJECT\im-system)
2023-06-30 10:23:18 -The following profiles are active: dev
2023-06-30 10:23:18 -Multiple Spring Data modules found, entering strict repository configuration mode!
2023-06-30 10:23:18 -Bootstrapping Spring Data Redis repositories in DEFAULT mode.
2023-06-30 10:23:18 -Finished Spring Data repository scanning in 4ms. Found 0 Redis repository interfaces.
2023-06-30 10:23:18 -No MyBatis mapper was found in '[com.hy.im.service]' package. Please check your configuration.
2023-06-30 10:23:18 -Tomcat initialized with port(s): 8000 (http)
2023-06-30 10:23:18 -Initializing ProtocolHandler ["http-nio-8000"]
2023-06-30 10:23:18 -Starting service [Tomcat]
2023-06-30 10:23:18 -Starting Servlet engine: [Apache Tomcat/9.0.37]
2023-06-30 10:23:19 -Initializing Spring embedded WebApplicationContext
2023-06-30 10:23:19 -Root WebApplicationContext: initialization completed in 879 ms
2023-06-30 10:23:19 -Initializing ExecutorService 'applicationTaskExecutor'
2023-06-30 10:23:20 -Starting ProtocolHandler ["http-nio-8000"]
2023-06-30 10:23:20 -Tomcat started on port(s): 8000 (http) with context path ''
2023-06-30 10:23:20 -Started ImApplication in 2.406 seconds (JVM running for 2.941)
2023-06-30 10:23:24 -Initializing Spring DispatcherServlet 'dispatcherServlet'
2023-06-30 10:23:24 -Initializing Servlet 'dispatcherServlet'
2023-06-30 10:23:24 -Completed initialization in 4 ms
2023-06-30 18:04:17 -Shutting down ExecutorService 'applicationTaskExecutor'
